= Host-specific information ====================================================
$> hostname; uname -msr
e1z2r8p6.42.us.org
Darwin 17.4.0 x86_64
$> date
Sat Feb 22 22:12:19 PST 2020
$> gcc --version
Configured with: --prefix=/Library/Developer/CommandLineTools/usr --with-gxx-include-dir=/usr/include/c++/4.2.1
Apple LLVM version 9.0.0 (clang-900.0.39.2)
Target: x86_64-apple-darwin17.4.0
Thread model: posix
InstalledDir: /Library/Developer/CommandLineTools/usr/bin
$> clang --version
Apple LLVM version 9.0.0 (clang-900.0.39.2)
Target: x86_64-apple-darwin17.4.0
Thread model: posix
InstalledDir: /Library/Developer/CommandLineTools/usr/bin

= User files collection ========================================================
Collecting user files from Vogsphere
Repository URL: auto-exam/2020/c-exam-alone-in-the-dark-beginner/practice-exam_20200223/nneuda

= Git history ==================================================================
$> git -C /var/folders/nk/z39cfxzd007cn3bzkkhr0msw0000gp/T/tmpZmVJdj/user log --pretty='%H - %an, %ad : %s'
bc00a535399d334cd8f72551c3b50e1e96c52606 - nneuda, Sat Feb 22 22:11:59 2020 -0800 : 05
ca38d3dc5cf9256937effd8c8bf27d5d34abe3e1 - nneuda, Sat Feb 22 22:06:51 2020 -0800 : 04
8ad896c5bd17df36e46dcda9bbbd309a902b583d - nneuda, Sat Feb 22 22:01:06 2020 -0800 : 03
689c93ab558416f32741e46e29b975d84deea5f9 - nneuda, Sat Feb 22 21:53:28 2020 -0800 : 02
3ac79eda3438ac9c2becf41a9c9291b0e7f0afa5 - nneuda, Sat Feb 22 21:51:22 2020 -0800 : 01
e084892dd2d6defa0181a29b9de76b18b31d2135 - nneuda, Sat Feb 22 21:46:49 2020 -0800 : 00
 
= Collected files ==========================================
$> ls -lAR /var/folders/nk/z39cfxzd007cn3bzkkhr0msw0000gp/T/tmpZmVJdj/user
total 8
-rw-r--r--  1 deepthought  deepthought  1450 Feb 22 22:12 __GIT_HISTORY
drwxr-xr-x  3 deepthought  deepthought   102 Feb 22 22:12 aff_last_param
drwxr-xr-x  3 deepthought  deepthought   102 Feb 22 22:12 brackets
drwxr-xr-x  3 deepthought  deepthought   102 Feb 22 22:12 fprime
drwxr-xr-x  4 deepthought  deepthought   136 Feb 22 22:12 ft_list_size
drwxr-xr-x  3 deepthought  deepthought   102 Feb 22 22:12 ft_swap
drwxr-xr-x  3 deepthought  deepthought   102 Feb 22 22:12 swap_bits

/var/folders/nk/z39cfxzd007cn3bzkkhr0msw0000gp/T/tmpZmVJdj/user/aff_last_param:
total 8
-rw-r--r--  1 deepthought  deepthought  1043 Feb 22 22:12 aff_last_param.c

/var/folders/nk/z39cfxzd007cn3bzkkhr0msw0000gp/T/tmpZmVJdj/user/brackets:
total 8
-rw-r--r--  1 deepthought  deepthought  2101 Feb 22 22:12 brackets.c

/var/folders/nk/z39cfxzd007cn3bzkkhr0msw0000gp/T/tmpZmVJdj/user/fprime:
total 8
-rw-r--r--  1 deepthought  deepthought  1539 Feb 22 22:12 fprime.c

/var/folders/nk/z39cfxzd007cn3bzkkhr0msw0000gp/T/tmpZmVJdj/user/ft_list_size:
total 16
-rw-r--r--  1 deepthought  deepthought    76 Feb 22 22:12 ft_list.h
-rw-r--r--  1 deepthought  deepthought  1070 Feb 22 22:12 ft_list_size.c

/var/folders/nk/z39cfxzd007cn3bzkkhr0msw0000gp/T/tmpZmVJdj/user/ft_swap:
total 8
-rw-r--r--  1 deepthought  deepthought  962 Feb 22 22:12 ft_swap.c

/var/folders/nk/z39cfxzd007cn3bzkkhr0msw0000gp/T/tmpZmVJdj/user/swap_bits:
total 8
-rw-r--r--  1 deepthought  deepthought  968 Feb 22 22:12 swap_bits.c
 
= brackets =====================================================================
$> gcc -Wextra -Wall -Werror brackets.c -o user_exe 

= Test 1 ===================================================
$> ./6jfns7nia7wibi3ycl79da7s '(toto)'
$> diff -U 3 user_output_test1 test1.output | cat -e

Diff OK :D
= Test 2 ===================================================
$> ./v8kggh8wy0r03b4bq1rsyq2d '([)]'
$> diff -U 3 user_output_test2 test2.output | cat -e

Diff OK :D
= Test 3 ===================================================
$> ./aks5t1il2reme6bm9vi6h3a6 '' '{[(0 + 0)(1 + 1)](3*(-1)){()}}'
$> diff -U 3 user_output_test3 test3.output | cat -e

Diff OK :D
= Test 4 ===================================================
$> ./1fznkrk8hx917jxe9d7z0osq 
$> diff -U 3 user_output_test4 test4.output | cat -e

Diff OK :D
= Test 5 ===================================================
$> ./xiiqli1jw97wtlm8jel4khx0 '()' '[]' '{}' '' 'toto' '([{}[{(()[])}()]]())(((([])))())'
$> diff -U 3 user_output_test5 test5.output | cat -e

Diff OK :D
= Test 6 ===================================================
$> ./5tuvvvks9fp7392crsddbwew '()[]{}' '([{}])[({})]{([])}'
$> diff -U 3 user_output_test6 test6.output | cat -e

Diff OK :D
= Test 7 ===================================================
$> ./oblvx75vd4de62o54f998nnh '(]' '{)' '[}' ')' '}' ')' '(' '{' '['
$> diff -U 3 user_output_test7 test7.output | cat -e

Diff OK :D
= Test 8 ===================================================
$> ./3zebsitrdg6zat4ziythnrtv '({)}' '[()]{}]' '])}' '([{' "(cette (trace n'a pas [de but precis]) {a part embeter (tout le monde)})"
$> diff -U 3 user_output_test8 test8.output | cat -e

Diff OK :D
Grade: 1

= Final grade: 1 ===============================================================
